\\BOURNEMOUTH.AC.UK\DATA\STUDENT\HOME\DEC\I7447915\GAMEASSIGNMENTREAL\DEBUG\GAMEASSIGNMENTREAL.ILK
\\BOURNEMOUTH.AC.UK\DATA\STUDENT\HOME\DEC\I7447915\GAMEASSIGNMENTREAL\DEBUG\GAMEASSIGNMENTREAL.EXE
\\BOURNEMOUTH.AC.UK\DATA\STUDENT\HOME\DEC\I7447915\GAMEASSIGNMENTREAL\DEBUG\GAMEASSIGNMENTREAL.PDB
J:\GAMEASSIGNMENTREAL\DEBUG\GAMEASSIGNMENTREAL.ILK
J:\GAMEASSIGNMENTREAL\DEBUG\GAMEASSIGNMENTREAL.EXE
J:\GAMEASSIGNMENTREAL\DEBUG\GAMEASSIGNMENTREAL.PDB
\\BOURNEMOUTH.AC.UK\DATA\STUDENT\HOME\DEC\I7447915\GAMEASSIGNMENTREAL\GAMEASSIGNMENTREAL\DEBUG\SOURCE.OBJ
\\BOURNEMOUTH.AC.UK\DATA\STUDENT\HOME\DEC\I7447915\GAMEASSIGNMENTREAL\GAMEASSIGNMENTREAL\DEBUG\VC110.PDB
\\BOURNEMOUTH.AC.UK\DATA\STUDENT\HOME\DEC\I7447915\GAMEASSIGNMENTREAL\GAMEASSIGNMENTREAL\DEBUG\SEASONS.OBJ
H:\GAMEASSIGNMENTREAL\GAMEASSIGNMENTREAL\DEBUG\MAIN.OBJ
H:\GAMEASSIGNMENTREAL\GAMEASSIGNMENTREAL\DEBUG\VC110.PDB
J:\GAMEASSIGNMENTREAL\GAMEASSIGNMENTREAL\DEBUG\PLAYER.OBJ
J:\GAMEASSIGNMENTREAL\GAMEASSIGNMENTREAL\DEBUG\SEASONS.OBJ
J:\GAMEASSIGNMENTREAL\GAMEASSIGNMENTREAL\DEBUG\MAIN.OBJ
J:\GAMEASSIGNMENTREAL\GAMEASSIGNMENTREAL\DEBUG\VC110.PDB
J:\GAMEASSIGNMENTREAL\GAMEASSIGNMENTREAL\DEBUG\ITEM.OBJ
J:\GameAssignmentREAL\GameAssignmentREAL\Debug\Source.obj
J:\GameAssignmentREAL\GameAssignmentREAL\Debug\Item.obj
J:\GameAssignmentREAL\GameAssignmentREAL\Debug\Seasons.obj
J:\GameAssignmentREAL\GameAssignmentREAL\Debug\Player.obj
J:\GameAssignmentREAL\GameAssignmentREAL\Debug\Main.obj
J:\GameAssignmentREAL\GameAssignmentREAL\Debug\cl.command.1.tlog
J:\GameAssignmentREAL\GameAssignmentREAL\Debug\link.command.1.tlog
J:\GameAssignmentREAL\GameAssignmentREAL\Debug\link-rc.read.1.tlog
J:\GameAssignmentREAL\GameAssignmentREAL\Debug\link-rc.write.1.tlog
J:\GameAssignmentREAL\GameAssignmentREAL\Debug\link-cvtres.read.1.tlog
J:\GameAssignmentREAL\GameAssignmentREAL\Debug\link-cvtres.write.1.tlog
J:\GameAssignmentREAL\GameAssignmentREAL\Debug\link.8572.read.1.tlog
J:\GameAssignmentREAL\GameAssignmentREAL\Debug\link.8572.write.1.tlog
J:\GameAssignmentREAL\GameAssignmentREAL\Debug\link.7160-rc.read.1.tlog
J:\GameAssignmentREAL\GameAssignmentREAL\Debug\link.7160-rc.write.1.tlog
J:\GameAssignmentREAL\GameAssignmentREAL\Debug\link.7160-cvtres.read.1.tlog
J:\GameAssignmentREAL\GameAssignmentREAL\Debug\link.7160-cvtres.write.1.tlog
J:\GameAssignmentREAL\GameAssignmentREAL\Debug\link.7160.read.1.tlog
J:\GameAssignmentREAL\GameAssignmentREAL\Debug\link.7160.write.1.tlog
J:\GameAssignmentREAL\GameAssignmentREAL\Debug\CL.read.1.tlog
J:\GameAssignmentREAL\GameAssignmentREAL\Debug\link.read.1.tlog
J:\GameAssignmentREAL\GameAssignmentREAL\Debug\link.write.1.tlog
J:\GameAssignmentREAL\GameAssignmentREAL\Debug\CL.write.1.tlog
J:\GameAssignmentREAL\GameAssignmentREAL\Debug\link.9892-rc.read.1.tlog
J:\GameAssignmentREAL\GameAssignmentREAL\Debug\link.9892-rc.write.1.tlog
J:\GameAssignmentREAL\GameAssignmentREAL\Debug\link.9892-cvtres.read.1.tlog
J:\GameAssignmentREAL\GameAssignmentREAL\Debug\link.9892-cvtres.write.1.tlog
J:\GameAssignmentREAL\GameAssignmentREAL\Debug\link.9892.read.1.tlog
J:\GameAssignmentREAL\GameAssignmentREAL\Debug\link.9892.write.1.tlog
J:\GameAssignmentREAL\GameAssignmentREAL\Debug\vc110.idb
J:\GameAssignmentREAL\GameAssignmentREAL\Debug\vc110.pdb
J:\GameAssignmentREAL\Debug\GameAssignmentREAL.pdb
J:\GameAssignmentREAL\Debug\GameAssignmentREAL.exe
J:\GameAssignmentREAL\Debug\GameAssignmentREAL.ilk
